<?xml version="1.0" encoding="UTF-8"?>
<!--
  ~ Copyright (c) 2009-2010. Created by serso.
  ~
  ~ For more information, please, contact serso1988@gmail.com.
  -->

<beans xmlns="http://www.springframework.org/schema/beans"
	   xmlns:context="http://www.springframework.org/schema/context"
	   xmlns:xsi="http://www.w3.org/2001/XMLSchema-instance"
	   xsi:schemaLocation="	http://www.springframework.org/schema/beans http://www.springframework.org/schema/beans/spring-beans-3.0.xsd
       						http://www.springframework.org/schema/context http://www.springframework.org/schema/context/spring-context-3.0.xsd">

	<import resource="test-persistence.xml"/>

	<bean class="org.springframework.web.servlet.mvc.annotation.DefaultAnnotationHandlerMapping"/>
	<bean class="org.springframework.web.servlet.mvc.annotation.AnnotationMethodHandlerAdapter"/>

	<context:component-scan base-package="org.solovyev"/>

</beans>